- name: Upload test results to Codecov
  if: ${{ !cancelled() }}
  uses: codecov/test-results-action@v1
  with:
    token: ${{ secrets.CODECOV_TOKEN }}
